<?xml version="1.0" encoding="utf-8"?><testsuites name="pytest tests"><testsuite name="pytest" errors="0" failures="0" skipped="9" tests="1222" time="3006.840" timestamp="2026-09-12T11:29:34.634391+08:00" hostname="DESKTOP-3TS1F24"><testcase classname="tests.contract.test_ai_canvas_chat_contract" name="test_build_chat_goal_includes_history_and_current_message" time="2.089" /><testcase classname="tests.contract.test_ai_canvas_chat_contract" name="test_build_chat_goal_caps_history_to_recent_turns" time="0.000" /><testcase classname="tests.contract.test_ai_canvas_chat_contract" name="test_build_chat_goal_mentions_base_draft_nodes_and_edges" time="0.000" /><testcase classname="tests.contract.test_ai_canvas_chat_contract" name="test_build_chat_goal_tolerates_empty_base_draft" time="0.000" /><testcase classname="tests.contract.test_ai_canvas_chat_contract" name="test_reply_text_draft_ready_reports_graph" time="0.000" /><testcase classname="tests.contract.test_ai_canvas_chat_contract" name="test_reply_text_gap_report_is_honest" time="0.000" /><testcase classname="tests.contract.test_ai_canvas_chat_contract" name="test_canvas_chat_request_rejects_extra_fields" time="0.000" /><testcase classname="tests.contract.test_ai_canvas_chat_contract" name="test_canvas_chat_request_validates_bounds" time="0.000" /><testcase classname="tests.contract.test_ai_canvas_chat_contract" name="test_canvas_chat_request_accepts_valid_payload" time="0.000" /><testcase classname="tests.contract.test_ai_canvas_chat_contract" name="test_canvas_chat_planner_passes_compressed_goal_to_ai_planner" time="0.000" /><testcase classname="tests.contract.test_ai_canvas_chat_contract" name="test_ai_planner_emits_progress_stage_sequence" time="0.001" /><testcase classname="tests.contract.test_ai_canvas_chat_contract" name="test_ai_planner_progress_without_callback_is_noop" time="0.000" /><testcase classname="tests.contract.test_ai_canvas_chat_contract" name="test_validate_draft_rejects_unregistered_port" time="0.000" /><testcase classname="tests.contract.test_ai_canvas_chat_contract" name="test_validate_draft_rejects_deviated_contract_field" time="0.000" /><testcase classname="tests.contract.test_ai_canvas_chat_contract" name="test_validate_draft_accepts_registered_ports_verbatim" time="0.000" /><testcase classname="tests.contract.test_ai_canvas_chat_contract" name="test_recall_snapshot_carries_port_contracts" time="0.001" /><testcase classname="tests.contract.test_ai_canvas_chat_contract" name="test_validate_draft_accepts_external_canvas_seed_source" time="0.000" /><testcase classname="tests.contract.test_ai_canvas_chat_contract" name="test_planner_auto_binds_canvas_outlet_to_dangling_required_input" time="0.000" /><testcase classname="tests.contract.test_ai_canvas_chat_contract" name="test_planner_compiles_draft_without_model_seed_via_auto_binding" time="0.000" /><testcase classname="tests.contract.test_ai_composer" name="test_discover_full_contract_directory" time="0.008" /><testcase classname="tests.contract.test_ai_composer" name="test_discover_verified_runtime_subset" time="0.007" /><testcase classname="tests.contract.test_ai_composer" name="test_keyword_recall_hits" time="0.008" /><testcase classname="tests.contract.test_ai_composer" name="test_compose_verified_workflow_is_deterministic_and_compiles" time="0.039" /><testcase classname="tests.contract.test_ai_composer" name="test_compose_and_compile_roundtrip" time="0.024" /><testcase classname="tests.contract.test_ai_composer" name="test_compose_rejects_unknown_plugin" time="0.008" /><testcase classname="tests.contract.test_ai_composer" name="test_compile_rejects_broken_contract_edge" time="0.000" /><testcase classname="tests.contract.test_aiops_alert_correlation_contract" name="test_protocol_is_schema_valid_and_stays_a_read_only_contract" time="0.016" /><testcase classname="tests.contract.test_aiops_alert_correlation_contract" name="test_alert_event_set_contract_accepts_positive_sample_and_rejects_negative_sample" time="0.002" /><testcase classname="tests.contract.test_aiops_alert_correlation_contract" name="test_incident_candidate_set_contract_accepts_positive_sample_and_rejects_negative_sample" time="0.004" /><testcase classname="tests.contract.test_aiops_alert_triage_contract" name="test_protocol_is_schema_valid_and_stays_a_read_only_contract" time="0.015" /><testcase classname="tests.contract.test_aiops_alert_triage_contract" name="test_manifest_is_schema_valid_and_declares_no_write_permission" time="0.007" /><testcase classname="tests.contract.test_aiops_alert_triage_contract" name="test_alert_event_contract_accepts_positive_sample_and_rejects_negative_sample" time="0.003" /><testcase classname="tests.contract.test_aiops_alert_triage_contract" name="test_incident_proposal_contract_accepts_positive_sample_and_rejects_negative_sample" time="0.003" /><testcase classname="tests.contract.test_aiops_playbook_proposer_contract" name="test_protocol_is_schema_valid_and_stays_a_read_only_contract" time="0.015" /><testcase classname="tests.contract.test_aiops_playbook_proposer_contract" name="test_manifest_and_binding_declare_only_the_verified_read_only_capability" time="0.001" /><testcase classname="tests.contract.test_aiops_playbook_proposer_contract" name="test_rca_candidates_contract_accepts_positive_sample_and_rejects_negative_sample" time="0.005" /><testcase classname="tests.contract.test_aiops_playbook_proposer_contract" name="test_remediation_proposal_contract_accepts_positive_sample_and_rejects_negative_sample" time="0.010" /><testcase classname="tests.contract.test_aiops_postmortem_draft_contract" name="test_protocol_is_schema_valid_and_stays_a_read_only_contract" time="0.015" /><testcase classname="tests.contract.test_aiops_postmortem_draft_contract" name="test_manifest_is_schema_valid_and_declares_no_write_permission" time="0.007" /><testcase classname="tests.contract.test_aiops_postmortem_draft_contract" name="test_incident_proposal_contract_accepts_positive_sample_and_rejects_negative_sample" time="0.004" /><testcase classname="tests.contract.test_aiops_postmortem_draft_contract" name="test_postmortem_draft_contract_accepts_positive_sample_and_rejects_negative_sample" time="0.007" /><testcase classname="tests.contract.test_aiops_rca_ranker_contract" name="test_protocol_is_schema_valid_and_stays_a_read_only_contract" time="0.014" /><testcase classname="tests.contract.test_aiops_rca_ranker_contract" name="test_rca_input_contract_accepts_positive_sample_and_rejects_negative_sample" time="0.002" /><testcase classname="tests.contract.test_aiops_rca_ranker_contract" name="test_rca_candidates_contract_accepts_positive_sample_and_rejects_negative_sample" time="0.004" /><testcase classname="tests.contract.test_aiops_rca_ranker_contract" name="test_rca_candidates_rejects_undeclared_properties" time="0.001" /><testcase classname="tests.contract.test_aiops_recovery_verifier_contract" name="test_protocol_is_schema_valid_and_stays_a_read_only_contract" time="0.014" /><testcase classname="tests.contract.test_aiops_recovery_verifier_contract" name="test_manifest_and_binding_declare_only_the_verified_read_only_capability" time="0.000" /><testcase classname="tests.contract.test_aiops_recovery_verifier_contract" name="test_metric_series_contract_accepts_positive_sample_and_rejects_negative_sample" time="0.003" /><testcase classname="tests.contract.test_aiops_recovery_verifier_contract" name="test_recovery_verification_contract_accepts_positive_sample_and_rejects_negative_sample" time="0.007" /><testcase classname="tests.contract.test_aiops_ticket_draft_contract" name="test_protocol_is_schema_valid_and_stays_a_read_only_contract" time="0.014" /><testcase classname="tests.contract.test_aiops_ticket_draft_contract" name="test_manifest_is_schema_valid_and_declares_no_write_permission" time="0.008" /><testcase classname="tests.contract.test_aiops_ticket_draft_contract" name="test_incident_proposal_contract_accepts_positive_sample_and_rejects_negative_sample" time="0.004" /><testcase classname="tests.contract.test_aiops_ticket_draft_contract" name="test_ticket_draft_contract_accepts_positive_sample_and_rejects_negative_sample" time="0.005" /><testcase classname="tests.contract.test_audit_evidence_lineage_contract" name="test_protocol_is_schema_valid_and_stays_a_read_only_contract" time="0.014" /><testcase classname="tests.contract.test_audit_evidence_lineage_contract" name="test_manifest_is_schema_valid_and_declares_no_write_permission" time="0.009" /><testcase classname="tests.contract.test_audit_evidence_lineage_contract" name="test_released_graph_ref_contract_accepts_positive_sample_and_rejects_negative_sample" time="0.003" /><testcase classname="tests.contract.test_audit_evidence_lineage_contract" name="test_evidence_lineage_contract_accepts_positive_sample_and_rejects_negative_sample" time="0.004" /><testcase classname="tests.contract.test_audit_finding_draft_contract" name="test_protocol_is_schema_valid_and_stays_a_read_only_contract" time="0.014" /><testcase classname="tests.contract.test_audit_finding_draft_contract" name="test_manifest_and_binding_declare_only_the_verified_read_only_capability" time="0.000" /><testcase classname="tests.contract.test_audit_finding_draft_contract" name="test_finding_draft_contract_accepts_positive_sample_and_rejects_negative_sample" time="0.008" /><testcase classname="tests.contract.test_audit_investigation_plan_contract" name="test_protocol_is_schema_valid_and_stays_a_read_only_contract" time="0.014" /><testcase classname="tests.contract.test_audit_investigation_plan_contract" name="test_manifest_and_binding_declare_only_the_verified_read_only_capability" time="0.001" /><testcase classname="tests.contract.test_audit_investigation_plan_contract" name="test_anomaly_candidates_contract_accepts_positive_sample_and_rejects_negative_sample" time="0.006" /><testcase classname="tests.contract.test_audit_investigation_plan_contract" name="test_audit_evidence_index_contract_accepts_positive_sample_and_rejects_negative_sample" time="0.003" /><testcase classname="tests.contract.test_audit_investigation_plan_contract" name="test_investigation_plan_draft_contract_accepts_positive_sample_and_rejects_negative_sample" time="0.007" /><testcase classname="tests.contract.test_audit_journal_anomaly_contract" name="test_protocol_is_schema_valid_and_stays_a_read_only_contract" time="0.014" /><testcase classname="tests.contract.test_audit_journal_anomaly_contract" name="test_journal_artifact_ref_contract_accepts_positive_sample_and_rejects_negative_sample" time="0.002" /><testcase classname="tests.contract.test_audit_journal_anomaly_contract" name="test_anomaly_candidates_contract_accepts_positive_sample_and_rejects_negative_sample" time="0.005" /><testcase classname="tests.contract.test_audit_journal_anomaly_contract" name="test_anomaly_candidates_rejects_finding_write_or_undeclared_properties" time="0.001" /><testcase classname="tests.contract.test_audit_ledger_quality_contract" name="test_protocol_is_schema_valid_and_stays_a_read_only_contract" time="0.016" /><testcase classname="tests.contract.test_audit_ledger_quality_contract" name="test_ledger_artifact_ref_contract_accepts_positive_sample_and_rejects_negative_sample" time="0.005" /><testcase classname="tests.contract.test_audit_ledger_quality_contract" name="test_quality_candidates_contract_accepts_positive_sample_and_rejects_negative_sample" time="0.006" /><testcase classname="tests.contract.test_audit_ledger_quality_contract" name="test_quality_candidates_rejects_finding_write_or_undeclared_properties" time="0.001" /><testcase classname="tests.contract.test_audit_plugin_network_100" name="test_network_has_exactly_100_plugin_folders" time="0.000" /><testcase classname="tests.contract.test_audit_plugin_network_100" name="test_every_folder_has_protocol_and_manifest" time="0.013" /><testcase classname="tests.contract.test_audit_plugin_network_100" name="test_every_protocol_validates_against_unified_schema" time="0.060" /><testcase classname="tests.contract.test_audit_plugin_network_100" name="test_every_manifest_validates_against_manifest_schema" time="0.026" /><testcase classname="tests.contract.test_audit_plugin_network_100" name="test_ids_are_unique_and_match_folder" time="0.015" /><testcase classname="tests.contract.test_audit_plugin_network_100" name="test_capabilities_unique_and_read_only_contract_only" time="0.007" /><testcase classname="tests.contract.test_audit_plugin_network_100" name="test_verified_network_plugins_have_bindings" time="0.011" /><testcase classname="tests.contract.test_audit_plugin_network_100" name="test_port_contracts_well_formed" time="0.008" /><testcase classname="tests.contract.test_audit_plugin_network_100" name="test_manifest_matches_protocol_binding_fields" time="0.012" /><testcase classname="tests.contract.test_audit_report_draft_contract" name="test_protocol_is_schema_valid_and_stays_a_read_only_contract" time="0.015" /><testcase classname="tests.contract.test_audit_report_draft_contract" name="test_manifest_is_schema_valid_and_declares_no_write_permission" time="0.007" /><testcase classname="tests.contract.test_audit_report_draft_contract" name="test_finding_set_contract_accepts_positive_sample_and_rejects_negative_sample" time="0.004" /><testcase classname="tests.contract.test_audit_report_draft_contract" name="test_report_draft_contract_accepts_positive_sample_and_rejects_negative_sample" time="0.008" /><testcase classname="tests.contract.test_audit_workpaper_export_contract" name="test_protocol_is_schema_valid_and_stays_a_read_only_contract" time="0.016" /><testcase classname="tests.contract.test_audit_workpaper_export_contract" name="test_manifest_is_schema_valid_and_declares_no_write_permission" time="0.008" /><testcase classname="tests.contract.test_audit_workpaper_export_contract" name="test_finding_set_contract_accepts_positive_sample_and_rejects_negative_sample" time="0.003" /><testcase classname="tests.contract.test_audit_workpaper_export_contract" name="test_workpaper_export_contract_accepts_positive_sample_and_rejects_negative_sample" time="0.006" /><testcase classname="tests.contract.test_graph_extraction_contract" name="test_graph_extraction_contract_rejects_arbitrary_relation_or_missing_space" time="0.004" /><testcase classname="tests.contract.test_json_schemas" name="test_all_schemas_are_valid_draft_2020_12_documents" time="0.291" /><testcase classname="tests.contract.test_json_schemas" name="test_core_schema_contracts_have_required_fields" time="0.001" /><testcase classname="tests.contract.test_json_schemas" name="test_ui_contribution_resolves_local_contract_refs" time="0.001" /><testcase classname="tests.contract.test_knowledge_entity_relation_contract" name="test_protocol_is_schema_valid_and_stays_a_read_only_contract" time="0.014" /><testcase classname="tests.contract.test_knowledge_entity_relation_contract" name="test_document_content_contract_accepts_positive_sample_and_rejects_negative_sample" time="0.002" /><testcase classname="tests.contract.test_knowledge_entity_relation_contract" name="test_graph_candidate_set_contract_accepts_positive_sample_and_rejects_negative_sample" time="0.006" /><testcase classname="tests.contract.test_knowledge_entity_relation_contract" name="test_graph_candidate_set_rejects_undeclared_relation_types" time="0.001" /><testcase classname="tests.contract.test_knowledge_graph_proposal_contract" name="test_protocol_is_schema_valid_and_stays_a_read_only_contract" time="0.014" /><testcase classname="tests.contract.test_knowledge_graph_proposal_contract" name="test_manifest_and_binding_declare_only_the_verified_read_only_capability" time="0.001" /><testcase classname="tests.contract.test_knowledge_graph_proposal_contract" name="test_graph_candidate_set_contract_accepts_positive_sample_and_rejects_negative_sample" time="0.005" /><testcase classname="tests.contract.test_knowledge_graph_proposal_contract" name="test_graph_snapshot_contract_accepts_positive_sample_and_rejects_negative_sample" time="0.003" /><testcase classname="tests.contract.test_knowledge_graph_proposal_contract" name="test_graph_proposal_draft_contract_accepts_positive_sample_and_rejects_negative_sample" time="0.007" /><testcase classname="tests.contract.test_knowledge_retention_recommendation_contract" name="test_protocol_is_schema_valid_and_stays_a_read_only_contract" time="0.015" /><testcase classname="tests.contract.test_knowledge_retention_recommendation_contract" name="test_manifest_is_schema_valid_and_declares_no_write_permission" time="0.007" /><testcase classname="tests.contract.test_knowledge_retention_recommendation_contract" name="test_document_content_contract_accepts_positive_sample_and_rejects_negative_sample" time="0.002" /><testcase classname="tests.contract.test_knowledge_retention_recommendation_contract" name="test_retention_recommendation_contract_accepts_positive_sample_and_rejects_negative_sample" time="0.006" /><testcase classname="tests.contract.test_multigraph_contracts" name="test_multigraph_contracts_reject_unregistered_or_unbounded_routing" time="0.004" /><testcase classname="tests.contract.test_plugin_runtime_binding" name="test_runtime_binding_is_schema_valid_and_fixed_to_an_isolated_process" time="0.002" /><testcase classname="tests.contract.test_plugin_runtime_binding" name="test_runtime_binding_rejects_in_process_or_unverified_execution" time="0.000" /><testcase classname="tests.contract.test_plugin_topology_contracts" name="test_plugin_topology_schemas_are_valid_and_keep_planning_separate_from_execution" time="0.016" /><testcase classname="tests.contract.test_plugin_topology_contracts" name="test_plugin_routing_plan_rejects_an_executable_mode_or_undeclared_blueprint_node" time="0.001" /><testcase classname="tests.contract.test_plugin_topology_m1_service_contracts" name="test_topology_service_schemas_are_valid" time="0.019" /><testcase classname="tests.contract.test_plugin_topology_m1_service_contracts" name="test_topology_upsert_accepts_all_six_kinds_and_requires_idempotency_key" time="0.001" /><testcase classname="tests.contract.test_plugin_topology_m1_service_contracts" name="test_topology_upsert_rejects_unknown_bridge_ref_kind_and_missing_ref" time="0.001" /><testcase classname="tests.contract.test_plugin_topology_m1_service_contracts" name="test_topology_upsert_rejects_blueprint_with_execution_fields" time="0.001" /><testcase classname="tests.contract.test_plugin_topology_m1_service_contracts" name="test_topology_release_requires_checksum_on_publish_and_version_on_rollback" time="0.001" /><testcase classname="tests.contract.test_plugin_topology_m1_service_contracts" name="test_topology_recycle_restore_requires_recycle_reference_and_rejects_hard_delete" time="0.001" /><testcase classname="tests.contract.test_plugin_topology_m1_service_contracts" name="test_topology_plan_accepts_plan_only_and_rejects_execute_mode" time="0.001" /><testcase classname="tests.contract.test_plugin_topology_planning_intent_contract" name="test_planning_intent_schema_is_valid" time="0.005" /><testcase classname="tests.contract.test_plugin_topology_planning_intent_contract" name="test_planning_intent_positive_sample_passes" time="0.001" /><testcase classname="tests.contract.test_plugin_topology_planning_intent_contract" name="test_planning_intent_missing_idempotency_key_is_rejected" time="0.001" /><testcase classname="tests.contract.test_plugin_topology_planning_intent_contract" name="test_planning_intent_out_of_range_intent_is_rejected" time="0.000" /><testcase classname="tests.contract.test_plugin_topology_planning_intent_contract" name="test_planning_intent_out_of_range_budget_is_rejected" time="0.001" /><testcase classname="tests.contract.test_plugin_topology_planning_intent_contract" name="test_planning_intent_result_projection_passes" time="0.001" /><testcase classname="tests.contract.test_plugin_topology_planning_intent_contract" name="test_planning_intent_result_rejects_executable_mode" time="0.000" /><testcase classname="tests.contract.test_quant_experiment_evaluator_contract" name="test_protocol_is_schema_valid_and_stays_a_read_only_contract" time="0.014" /><testcase classname="tests.contract.test_quant_experiment_evaluator_contract" name="test_manifest_and_binding_declare_only_the_verified_read_only_capability" time="0.000" /><testcase classname="tests.contract.test_quant_experiment_evaluator_contract" name="test_backtest_report_contract_accepts_positive_sample_and_rejects_negative_sample" time="0.005" /><testcase classname="tests.contract.test_quant_experiment_evaluator_contract" name="test_experiment_evaluation_contract_accepts_positive_sample_and_rejects_negative_sample" time="0.007" /><testcase classname="tests.contract.test_quant_factor_compute_contract" name="test_protocol_is_schema_valid_and_stays_a_read_only_contract" time="0.014" /><testcase classname="tests.contract.test_quant_factor_compute_contract" name="test_factor_input_contract_accepts_positive_sample_and_rejects_negative_sample" time="0.002" /><testcase classname="tests.contract.test_quant_factor_compute_contract" name="test_factor_artifact_ref_contract_accepts_positive_sample_and_rejects_negative_sample" time="0.004" /><testcase classname="tests.contract.test_quant_research_note_draft_contract" name="test_protocol_is_schema_valid_and_stays_a_read_only_contract" time="0.014" /><testcase classname="tests.contract.test_quant_research_note_draft_contract" name="test_manifest_is_schema_valid_and_declares_no_write_permission" time="0.008" /><testcase classname="tests.contract.test_quant_research_note_draft_contract" name="test_experiment_evaluation_contract_accepts_positive_sample_and_rejects_negative_sample" time="0.007" /><testcase classname="tests.contract.test_quant_research_note_draft_contract" name="test_research_note_draft_contract_accepts_positive_sample_and_rejects_negative_sample" time="0.006" /><testcase classname="tests.contract.test_quant_simulated_backtest_contract" name="test_protocol_is_schema_valid_and_stays_a_read_only_contract" time="0.014" /><testcase classname="tests.contract.test_quant_simulated_backtest_contract" name="test_manifest_is_schema_valid_and_declares_no_write_permission" time="0.008" /><testcase classname="tests.contract.test_quant_simulated_backtest_contract" name="test_market_snapshot_ref_contract_accepts_positive_sample_and_rejects_negative_sample" time="0.002" /><testcase classname="tests.contract.test_quant_simulated_backtest_contract" name="test_backtest_report_contract_accepts_positive_sample_and_rejects_negative_sample" time="0.004" /><testcase classname="tests.contract.test_quant_snapshot_guard_contract" name="test_protocol_is_schema_valid_and_stays_a_read_only_contract" time="0.014" /><testcase classname="tests.contract.test_quant_snapshot_guard_contract" name="test_market_snapshot_ref_contract_accepts_positive_sample_and_rejects_negative_sample" time="0.002" /><testcase classname="tests.contract.test_quant_snapshot_guard_contract" name="test_dataset_validation_contract_accepts_positive_sample_and_rejects_negative_sample" time="0.004" /><testcase classname="tests.contract.test_unified_plugin_protocol" name="test_unified_plugin_protocol_is_a_valid_contract_and_forbids_runtime_commands" time="0.014" /><testcase classname="tests.contract.test_unified_plugin_protocol" name="test_builtin_protocol_plugins_cover_cross_domain_contracts_without_execution_binding" time="0.063" /><testcase classname="tests.contract.test_unified_plugin_protocol" name="test_financial_or_external_capabilities_declare_strict_policy_requirements" time="0.001" /><testcase classname="tests.e2e.test_self_healing_e2e" name="test_crashed_worker_lease_is_recovered_and_task_redrives_to_completed" time="0.751" /><testcase classname="tests.e2e.test_soak_demo_cycle" name="test_aiops_cycles_soak_stable" time="1.259" /><testcase classname="tests.e2e.test_trace_locate" name="test_trace_locate_returns_data_rows_and_log_locations" time="0.543" /><testcase classname="tests.evaluation.test_ai_planning_intents" name="test_evaluation_has_at_least_20_fixed_intents" time="0.040" /><testcase classname="tests.evaluation.test_ai_planning_intents" name="test_each_intent_gate_behavior[s1-ledger-backtest]" time="0.041" /><testcase classname="tests.evaluation.test_ai_planning_intents" name="test_each_intent_gate_behavior[s2-dual-ledger-fanin]" time="0.041" /><testcase classname="tests.evaluation.test_ai_planning_intents" name="test_each_intent_gate_behavior[s3-single-validate]" time="0.042" /><testcase classname="tests.evaluation.test_ai_planning_intents" name="test_each_intent_gate_behavior[s4-with-budget]" time="0.044" /><testcase classname="tests.evaluation.test_ai_planning_intents" name="test_each_intent_gate_behavior[s5-template-reuse]" time="0.047" /><testcase classname="tests.evaluation.test_ai_planning_intents" name="test_each_intent_gate_behavior[s6-fanout]" time="0.042" /><testcase classname="tests.evaluation.test_ai_planning_intents" name="test_each_intent_gate_behavior[s7-short-goal]" time="0.041" /><testcase classname="tests.evaluation.test_ai_planning_intents" name="test_each_intent_gate_behavior[a1-vague-goal]" time="0.044" /><testcase classname="tests.evaluation.test_ai_planning_intents" name="test_each_intent_gate_behavior[a2-missing-source]" time="0.038" /><testcase classname="tests.evaluation.test_ai_planning_intents" name="test_each_intent_gate_behavior[a3-contradictory]" time="0.041" /><testcase classname="tests.evaluation.test_ai_planning_intents" name="test_each_intent_gate_behavior[m1-ocr]" time="0.043" /><testcase classname="tests.evaluation.test_ai_planning_intents" name="test_each_intent_gate_behavior[m2-email]" time="0.042" /><testcase classname="tests.evaluation.test_ai_planning_intents" name="test_each_intent_gate_behavior[m3-db-write]" time="0.043" /><testcase classname="tests.evaluation.test_ai_planning_intents" name="test_each_intent_gate_behavior[m4-arbitrary-code]" time="0.040" /><testcase classname="tests.evaluation.test_ai_planning_intents" name="test_each_intent_gate_behavior[d1-unauthorized-source]" time="0.041" /><testcase classname="tests.evaluation.test_ai_planning_intents" name="test_each_intent_gate_behavior[d2-knowledge-base]" time="0.042" /><testcase classname="tests.evaluation.test_ai_planning_intents" name="test_each_intent_gate_behavior[d3-production-data]" time="0.041" /><testcase classname="tests.evaluation.test_ai_planning_intents" name="test_each_intent_gate_behavior[x1-ignore-limits]" time="0.043" /><testcase classname="tests.evaluation.test_ai_planning_intents" name="test_each_intent_gate_behavior[x2-grant-self]" time="0.044" /><testcase classname="tests.evaluation.test_ai_planning_intents" name="test_each_intent_gate_behavior[x3-nested-command]" time="0.042" /><testcase classname="tests.evaluation.test_ai_planning_intents" name="test_full_evaluation_report_and_global_safety" time="0.044" /><testcase classname="tests.evaluation.test_ai_planning_intents" name="test_evaluation_report_json_artifact" time="0.042" /><testcase classname="tests.evaluation.test_ai_planning_intents" name="test_real_planner_accepts_evaluation_catalog" time="0.044" /><testcase classname="tests.integration.test_ai_canvas_chat_api" name="test_chat_requires_policy_fail_closed" time="0.258" /><testcase classname="tests.integration.test_ai_canvas_chat_api" name="test_chat_draft_ready_records_evidence" time="0.472" /><testcase classname="tests.integration.test_ai_canvas_chat_api" name="test_chat_replays_idempotency_key" time="0.581" /><testcase classname="tests.integration.test_ai_canvas_chat_api" name="test_chat_model_outage_503" time="0.444" /><testcase classname="tests.integration.test_ai_canvas_chat_api" name="test_chat_rejects_malformed_sources" time="0.312" /><testcase classname="tests.integration.test_ai_canvas_chat_api" name="test_chat_revision_goal_carries_base_draft" time="0.449" /><testcase classname="tests.integration.test_ai_canvas_chat_api" name="test_chat_stream_emits_stage_then_done" time="0.394" /><testcase classname="tests.integration.test_ai_canvas_chat_api" name="test_chat_stream_model_outage_emits_error_event" time="0.400" /><testcase classname="tests.integration.test_ai_canvas_chat_api" name="test_chat_stream_requires_policy_fail_closed" time="0.184" /><testcase classname="tests.integration.test_ai_direct_flow_execution" name="test_ai_written_flow_executes_end_to_end" time="0.548" /><testcase classname="tests.integration.test_ai_settings_api" name="test_settings_read_is_masked" time="0.186" /><testcase classname="tests.integration.test_ai_settings_api" name="test_settings_read_requires_tenant_header" time="0.105" /><testcase classname="tests.integration.test_ai_settings_api" name="test_settings_read_is_fail_closed_without_the_capability" time="0.355" /><testcase classname="tests.integration.test_ai_settings_api" name="test_settings_write_persists_and_applies_immediately" time="0.234" /><testcase classname="tests.integration.test_ai_settings_api" name="test_settings_write_requires_idempotency_key" time="0.151" /><testcase classname="tests.integration.test_ai_settings_api" name="test_settings_write_rejects_an_unknown_provider" time="0.187" /><testcase classname="tests.integration.test_ai_settings_api" name="test_settings_write_clears_a_field_with_an_empty_string" time="0.187" /><testcase classname="tests.integration.test_ai_settings_api" name="test_probe_reports_a_broken_channel_without_raising" time="0.184" /><testcase classname="tests.integration.test_ai_settings_api" name="test_probe_reports_success_and_can_include_embedding" time="0.376" /><testcase classname="tests.integration.test_ai_settings_api" name="test_probe_requires_tenant_header" time="0.107" /><testcase classname="tests.integration.test_aiops_engine" name="test_aiops_proposal_is_blocked_without_policy_allow" time="0.170" /><testcase classname="tests.integration.test_aiops_engine" name="test_aiops_low_risk_auto_dry_run_completes" time="0.160" /><testcase classname="tests.integration.test_aiops_engine" name="test_aiops_canary_requires_hash_bound_approved_change_request" time="0.466" /><testcase classname="tests.integration.test_aiops_governance" name="test_incident_lineage_is_tenant_scoped_and_explicitly_simulated" time="0.345" /><testcase classname="tests.integration.test_aiops_governance" name="test_canary_verification_is_ledgered_idempotent_and_fail_closed" time="0.654" /><testcase classname="tests.integration.test_aiops_governance" name="test_bad_limits_unknown_ids_and_non_canary_verification_are_rejected" time="0.119" /><testcase classname="tests.integration.test_aiops_governance" name="test_api_is_policy_gated_and_requires_idempotency_for_verification" time="0.914" /><testcase classname="tests.integration.test_aiops_governance" name="test_publish_policy_registers_only_phase9_capabilities" time="0.163" /><testcase classname="tests.integration.test_audit_evidence_chain" name="test_lineage_read_returns_full_chain" time="0.205" /><testcase classname="tests.integration.test_audit_evidence_chain" name="test_confirm_is_idempotent_per_candidate" time="0.302" /><testcase classname="tests.integration.test_audit_evidence_chain" name="test_confirm_rejects_blank_reviewer_and_unknown_candidate" time="0.168" /><testcase classname="tests.integration.test_audit_evidence_chain" name="test_api_endpoints_are_policy_gated_and_confirm_works" time="0.620" /><testcase classname="tests.integration.test_audit_evidence_chain" name="test_publish_policy_registers_phase7_capabilities" time="0.169" /><testcase classname="tests.integration.test_audit_foundation_chain_e2e" name="test_audit_foundation_batch_executes_end_to_end" time="0.686" /><testcase classname="tests.integration.test_audit_network_chain_e2e" name="test_audit_network_chain_executes_end_to_end" time="1.135" /><testcase classname="tests.integration.test_audit_pipeline" name="test_ledger_pipeline_creates_anomaly_candidates" time="0.086" /><testcase classname="tests.integration.test_audit_pipeline" name="test_confirmed_finding_has_original_evidence_slice" time="0.212" /><testcase classname="tests.integration.test_control_executor" name="test_claim_sets_lease_and_stale_claim_is_reclaimed" time="0.632" /><testcase classname="tests.integration.test_control_executor" name="test_completed_run_finalizes_workflow_and_mission" time="0.885" /><testcase classname="tests.integration.test_control_executor" name="test_failed_node_cascades_dependents_and_terminates_mission" time="0.462" /><testcase classname="tests.integration.test_control_executor" name="test_process_ready_task_once_records_policy_decision" time="0.726" /><testcase classname="tests.integration.test_control_scheduler" name="test_scheduler_creates_dag_releases_tasks_after_dependencies_and_is_idempotent" time="1.012" /><testcase classname="tests.integration.test_control_scheduler" name="test_scheduler_rejects_cycles_and_plugin_execution_is_policy_gated" time="0.041" /><testcase classname="tests.integration.test_cw0_failure_evidence_short_txn" name="test_crash_after_committed_nodes_keeps_evidence" time="0.937" /><testcase classname="tests.integration.test_cw0_observability_tenant" name="test_trace_locate_requires_tenant_header" time="0.105" /><testcase classname="tests.integration.test_cw0_observability_tenant" name="test_trace_locate_is_policy_gated_and_tenant_isolated" time="1.031" /><testcase classname="tests.integration.test_cw0_observability_tenant" name="test_code_map_is_policy_gated_and_tenant_scoped" time="0.281" /><testcase classname="tests.integration.test_cw0_observability_tenant" name="test_trace_locate_db_failure_is_unavailable_not_empty_success" time="4.158" /><testcase classname="tests.integration.test_cw0_release_snapshot_frozen" name="test_release_snapshot_is_frozen_against_live_catalog_edits" time="0.995" /><testcase classname="tests.integration.test_cw1_port_contract_ir" name="test_missing_required_input_rejected" time="0.041" /><testcase classname="tests.integration.test_cw1_port_contract_ir" name="test_unknown_port_rejected" time="0.039" /><testcase classname="tests.integration.test_cw1_port_contract_ir" name="test_wrong_direction_rejected" time="0.044" /><testcase classname="tests.integration.test_cw1_port_contract_ir" name="test_schema_mismatch_without_adapter_rejected" time="0.040" /><testcase classname="tests.integration.test_cw1_port_contract_ir" name="test_cycle_rejected" time="0.040" /><testcase classname="tests.integration.test_cw1_port_contract_ir" name="test_duplicate_node_instance_id_rejected" time="0.040" /><testcase classname="tests.integration.test_cw1_port_contract_ir" name="test_duplicate_port_id_on_same_node_rejected" time="0.043" /><testcase classname="tests.integration.test_cw1_port_contract_ir" name="test_budget_exceeded_rejected" time="0.041" /><testcase classname="tests.integration.test_cw1_port_contract_ir" name="test_unsupported_field_rejected" time="0.041" /><testcase classname="tests.integration.test_cw1_port_contract_ir" name="test_same_plugin_multi_instance_legal" time="0.041" /><testcase classname="tests.integration.test_cw1_port_contract_ir" name="test_fan_out_legal" time="0.042" /><testcase classname="tests.integration.test_cw1_port_contract_ir" name="test_fan_in_requires_list_cardinality" time="0.043" /><testcase classname="tests.integration.test_cw1_port_contract_ir" name="test_execution_hash_reproducible_and_layout_independent" time="0.045" /><testcase classname="tests.integration.test_cw1_port_contract_ir" name="test_port_bound_executor_resolves_inputs_by_port" time="0.307" /><testcase classname="tests.integration.test_cw1_port_contract_ir" name="test_port_bound_executor_uses_previous_path_semantics_never" time="0.180" /><testcase classname="tests.integration.test_cw2_collector_wiring" name="test_api_request_logs_queryable_via_spool" time="0.318" /><testcase classname="tests.integration.test_cw2_collector_wiring" name="test_worker_attach_produces_own_producer_events" time="0.060" /><testcase classname="tests.integration.test_cw2_collector_wiring" name="test_collector_once_runs_healthy_and_repeatable" time="0.042" /><testcase classname="tests.integration.test_cw2_full_log_ai" name="test_spool_log_handler_persists_trace_id" time="0.058" /><testcase classname="tests.integration.test_cw2_full_log_ai" name="test_collector_maintenance_healthy_then_detects_gap" time="0.064" /><testcase classname="tests.integration.test_cw2_full_log_ai" name="test_collector_surfaces_write_failure_backpressure" time="0.043" /><testcase classname="tests.integration.test_cw2_full_log_ai" name="test_trace_locate_includes_log_event_query" time="0.294" /><testcase classname="tests.integration.test_cw2_full_log_ai" name="test_ollama_chat_qwen3_forces_configured_context" time="0.000"><skipped type="pytest.skip" message="本地 ollama 服务不可用（跳过真实 AI 调用）">D:\pythonpro\audit_network\tests\integration\test_cw2_full_log_ai.py:193: 本地 ollama 服务不可用（跳过真实 AI 调用）</skipped></testcase><testcase classname="tests.integration.test_cw2_full_log_ai" name="test_ollama_ai_classification_json_and_spool_evidence" time="0.000"><skipped type="pytest.skip" message="本地 ollama 服务不可用（跳过真实 AI 调用）">D:\pythonpro\audit_network\tests\integration\test_cw2_full_log_ai.py:207: 本地 ollama 服务不可用（跳过真实 AI 调用）</skipped></testcase><testcase classname="tests.integration.test_cw2_full_log_ai" name="test_ollama_chat_fail_closed_on_garbage_model" time="0.000"><skipped type="pytest.skip" message="本地 ollama 服务不可用（跳过真实 AI 调用）">D:\pythonpro\audit_network\tests\integration\test_cw2_full_log_ai.py:239: 本地 ollama 服务不可用（跳过真实 AI 调用）</skipped></testcase><testcase classname="tests.integration.test_cw2_log_persistence_spool" name="test_segment_rotation_preserves_all_events" time="0.306" /><testcase classname="tests.integration.test_cw2_log_persistence_spool" name="test_utf8_split_across_chunks_no_mojibake" time="0.041" /><testcase classname="tests.integration.test_cw2_log_persistence_spool" name="test_half_line_finish_returns_remainder" time="0.040" /><testcase classname="tests.integration.test_cw2_log_persistence_spool" name="test_restart_epoch_seq_continuity" time="0.080" /><testcase classname="tests.integration.test_cw2_log_persistence_spool" name="test_duplicate_event_id_dedup" time="0.056" /><testcase classname="tests.integration.test_cw2_log_persistence_spool" name="test_gui_closed_collection_continues" time="0.161" /><testcase classname="tests.integration.test_cw2_log_persistence_spool" name="test_spool_write_failure_pauses_acceptance" time="0.039" /><testcase classname="tests.integration.test_cw2_log_persistence_spool" name="test_archive_flow_seal_verify_manifest_then_evict" time="0.104" /><testcase classname="tests.integration.test_cw2_log_persistence_spool" name="test_query_filter_and_pagination" time="0.068" /><testcase classname="tests.integration.test_cw2_log_persistence_spool" name="test_completeness_seal_and_unknown_tail" time="0.072" /><testcase classname="tests.integration.test_cw2_log_persistence_spool" name="test_stderr_events_persist_and_query" time="0.058" /><testcase classname="tests.integration.test_cw3_dag_execution_loop" name="test_first_ledger_chain_real_multi_input_persisted" time="0.778" /><testcase classname="tests.integration.test_cw3_dag_execution_loop" name="test_stale_worker_fencing_rejected_and_traced" time="0.279" /><testcase classname="tests.integration.test_cw3_dag_execution_loop" name="test_repeat_submit_idempotent_same_attempt" time="0.203" /><testcase classname="tests.integration.test_cw3_dag_execution_loop" name="test_worker_kill_recovery_and_retry_new_attempt" time="0.330" /><testcase classname="tests.integration.test_cw3_dag_execution_loop" name="test_every_edge_and_attempt_traceable_after_recovery" time="0.283" /><testcase classname="tests.integration.test_cw3_dag_execution_loop" name="test_runtime_budget_exceeded_fails_attempt" time="0.496" /><testcase classname="tests.integration.test_cw4_canvas_projection" name="test_runs_feed_lists_persisted_run_with_state" time="1.320" /><testcase classname="tests.integration.test_cw4_canvas_projection" name="test_canvas_projection_matches_persisted_state" time="1.276" /><testcase classname="tests.integration.test_cw4_canvas_projection" name="test_canvas_unknown_run_404" time="0.313" /><testcase classname="tests.integration.test_cw4_canvas_projection" name="test_canvas_tenant_isolation" time="1.168" /><testcase classname="tests.integration.test_cw5_ai_planning" name="test_model_draft_compiles_and_drives_cw3" time="0.495" /><testcase classname="tests.integration.test_cw5_ai_planning" name="test_unknown_capability_fails_closed" time="0.044" /><testcase classname="tests.integration.test_cw5_ai_planning" name="test_prompt_injection_rejected" time="0.044" /><testcase classname="tests.integration.test_cw5_ai_planning" name="test_non_json_model_output_fails_closed" time="0.042" /><testcase classname="tests.integration.test_cw5_ai_planning" name="test_data_boundary_denied" time="0.047" /><testcase classname="tests.integration.test_cw5_ai_planning" name="test_revision_limit_gap_report" time="0.043" /><testcase classname="tests.integration.test_cw5_ai_planning" name="test_budget_exceeded" time="0.044" /><testcase classname="tests.integration.test_cw5_ai_planning" name="test_catalog_from_db_recalls_real_capabilities" time="0.125" /><testcase classname="tests.integration.test_cw5_ai_planning" name="test_local_ollama_planning_smoke" time="0.000"><skipped type="pytest.skip" message="set AUDIT_NETWORK_RUN_OLLAMA_TESTS=1 to run the local-model smoke (slow, real inference)">D:\pythonpro\audit_network\tests\integration\test_cw5_ai_planning.py:272: set AUDIT_NETWORK_RUN_OLLAMA_TESTS=1 to run the local-model smoke (slow, real inference)</skipped></testcase><testcase classname="tests.integration.test_cw5_ai_planning" name="test_api_planning_requires_policy" time="0.204" /><testcase classname="tests.integration.test_cw5_ai_planning" name="test_api_planning_draft_ready" time="0.351" /><testcase classname="tests.integration.test_cw5_ai_planning" name="test_api_planning_model_outage_503" time="0.405" /><testcase classname="tests.integration.test_cw5_ai_planning" name="test_api_planning_rejects_malformed_sources" time="0.339" /><testcase classname="tests.integration.test_cw5_second_llm_adapter" name="test_openai_compat_requires_api_key" time="0.045" /><testcase classname="tests.integration.test_cw5_second_llm_adapter" name="test_openai_compat_chat_json_via_local_server" time="0.081" /><testcase classname="tests.integration.test_cw5_second_llm_adapter" name="test_openai_compat_http_error_maps_to_chat_error" time="0.571" /><testcase classname="tests.integration.test_cw5_second_llm_adapter" name="test_openai_compat_timeout_raises" time="3.062" /><testcase classname="tests.integration.test_cw5_second_llm_adapter" name="test_openai_compat_malformed_response_raises" time="0.072" /><testcase classname="tests.integration.test_cw5_second_llm_adapter" name="test_openai_compat_strips_trailing_chat_completions" time="0.074" /><testcase classname="tests.integration.test_cw5_second_llm_adapter" name="test_openai_compat_max_tokens_clamped_for_longcat" time="0.080" /><testcase classname="tests.integration.test_cw5_second_llm_adapter" name="test_openai_compat_proxy_configures_opener" time="0.073" /><testcase classname="tests.integration.test_cw5_second_llm_adapter" name="test_openai_compat_reasoning_effort_and_max_tokens_passthrough" time="0.059" /><testcase classname="tests.integration.test_cw5_second_llm_adapter" name="test_openai_compat_sends_browser_user_agent" time="0.057" /><testcase classname="tests.integration.test_cw5_second_llm_adapter" name="test_ai_planner_with_openai_compat_backend" time="0.573" /><testcase classname="tests.integration.test_cw5_second_llm_adapter" name="test_no_hardcoded_credentials_in_source" time="0.795" /><testcase classname="tests.integration.test_cw6_long_running" name="test_spool_health_and_watermark_alerts" time="0.056" /><testcase classname="tests.integration.test_cw6_long_running" name="test_spool_health_idempotent_repeated_scan" time="0.061" /><testcase classname="tests.integration.test_cw6_long_running" name="test_integrity_complete_partial_unavailable" time="0.060" /><testcase classname="tests.integration.test_cw6_long_running" name="test_watermark_backpressure_drops_frames_visibly" time="0.360" /><testcase classname="tests.integration.test_cw6_long_running" name="test_evidence_bundle_exports_and_verifies" time="0.595" /><testcase classname="tests.integration.test_cw6_long_running" name="test_three_layer_drilldown_consistent" time="0.723" /><testcase classname="tests.integration.test_cw6_long_running" name="test_api_spool_health_endpoint" time="0.294" /><testcase classname="tests.integration.test_cw6_long_running" name="test_api_evidence_export_zip" time="1.039" /><testcase classname="tests.integration.test_database_phase1" name="test_migration_head_and_table_inventory" time="0.165" /><testcase classname="tests.integration.test_database_phase1" name="test_phase1_rls_is_forced_on_tenant_tables" time="0.082" /><testcase classname="tests.integration.test_database_phase1" name="test_knowledge_upload_idempotency_records_are_rls_forced" time="0.082" /><testcase classname="tests.integration.test_database_phase1" name="test_rich_media_job_queue_is_rls_forced" time="0.192" /><testcase classname="tests.integration.test_database_phase1" name="test_phase1_outbox_function_is_callable" time="0.080" /><testcase classname="tests.integration.test_demo_seed" name="test_seed_provisions_every_domain_and_is_idempotent" time="1.591" /><testcase classname="tests.integration.test_demo_seed" name="test_seed_state_chain_is_internally_consistent" time="0.745" /><testcase classname="tests.integration.test_end_to_end" name="test_initial_vertical_slice_end_to_end" time="0.461" /><testcase classname="tests.integration.test_experience_api" name="test_overlay_fail_closed_then_returns_graph_and_overlay" time="0.482" /><testcase classname="tests.integration.test_experience_api" name="test_suggestion_decision_requires_capability" time="0.522" /><testcase classname="tests.integration.test_experience_api" name="test_suggestion_accept_then_terminal_conflict_and_list_filter" time="1.293" /><testcase classname="tests.integration.test_experience_api" name="test_rebuild_endpoint_fail_closed_then_ok" time="0.352" /><testcase classname="tests.integration.test_experience_api" name="test_overlay_requires_tenant_header" time="0.107" /><testcase classname="tests.integration.test_experience_api" name="test_dismissed_suggestion_is_not_solidified" time="0.504" /><testcase classname="tests.integration.test_experience_api" name="test_accept_solidification_is_idempotent" time="1.218" /><testcase classname="tests.integration.test_experience_projector" name="test_project_run_accumulates_and_is_idempotent" time="0.550" /><testcase classname="tests.integration.test_experience_projector" name="test_rebuild_matches_incremental" time="0.338" /><testcase classname="tests.integration.test_experience_projector" name="test_failed_undeclared_handover_classified" time="0.248" /><testcase classname="tests.integration.test_experience_projector" name="test_declared_edge_creates_no_suggestion" time="0.321" /><testcase classname="tests.integration.test_experience_projector" name="test_proposed_suggestion_accept_then_frozen" time="0.673" /><testcase classname="tests.integration.test_experience_projector" name="test_dismissed_suggestion_never_revives" time="0.512" /><testcase classname="tests.integration.test_experience_solidify" name="test_lifecycle_experience_relation_activates_without_graph_nodes" time="0.563" /><testcase classname="tests.integration.test_experience_solidify" name="test_lifecycle_rejects_mixed_and_non_create_relation" time="0.161" /><testcase classname="tests.integration.test_experience_solidify" name="test_lifecycle_relation_validation_requires_core_payload" time="0.243" /><testcase classname="tests.integration.test_experience_solidify" name="test_solidify_accepted_publishes_and_links_back" time="0.687" /><testcase classname="tests.integration.test_experience_solidify" name="test_solidify_is_idempotent" time="0.740" /><testcase classname="tests.integration.test_experience_solidify" name="test_solidify_rejects_non_accepted" time="0.348" /><testcase classname="tests.integration.test_graph_extraction_api" name="test_extraction_preview_and_propose_are_policy_gated_and_shadow" time="0.901" /><testcase classname="tests.integration.test_graph_extraction_api" name="test_proposal_governance_approve_applies_and_reject_stays_out" time="2.004" /><testcase classname="tests.integration.test_graph_extraction_gate" name="test_shadow_changeset_gate_not_applied_without_approval" time="0.501" /><testcase classname="tests.integration.test_graph_extraction_gate" name="test_route_candidates_rejects_unregistered_space_via_conflict" time="0.118" /><testcase classname="tests.integration.test_graph_extraction_gate" name="test_route_candidates_conflicts_on_existing_active_node" time="0.201" /><testcase classname="tests.integration.test_graph_lifecycle" name="test_graph_lifecycle_and_bounded_query" time="0.425" /><testcase classname="tests.integration.test_graph_merge_arbitration" name="test_merge_same_space_repoints_edges_and_soft_deletes_sources" time="0.474" /><testcase classname="tests.integration.test_graph_merge_arbitration" name="test_split_repoints_only_declared_relations_and_keeps_source_active" time="0.451" /><testcase classname="tests.integration.test_graph_merge_arbitration" name="test_merge_contract_rejections_and_optimistic_lock_creates_conflict" time="0.325" /><testcase classname="tests.integration.test_graph_merge_arbitration" name="test_split_contract_rejections" time="0.216" /><testcase classname="tests.integration.test_graph_merge_arbitration" name="test_arbitration_is_explicit_once_only_and_merge_decision_links_a_merge" time="0.542" /><testcase classname="tests.integration.test_graph_merge_arbitration" name="test_publish_policy_and_gated_api_endpoints" time="0.777" /><testcase classname="tests.integration.test_graph_merge_arbitration" name="test_publish_policy_registers_phase6_capabilities" time="0.269" /><testcase classname="tests.integration.test_graph_visualization" name="test_graph_visualization_api_returns_bounded_typed_topology" time="0.483" /><testcase classname="tests.integration.test_health_ready" name="test_health_ready_returns_structured_probe" time="0.146" /><testcase classname="tests.integration.test_health_ready" name="test_health_liveness_still_reports_ok" time="0.108" /><testcase classname="tests.integration.test_knowledge_document_lifecycle_api" name="test_document_retire_hides_searchable_content_and_restore_recovers_it" time="1.521" /><testcase classname="tests.integration.test_knowledge_document_lifecycle_api" name="test_retire_rejects_reused_idempotency_key_with_different_request" time="0.590" /><testcase classname="tests.integration.test_knowledge_document_lifecycle_api" name="test_upload_rejects_reused_idempotency_key_with_different_files" time="0.639" /><testcase classname="tests.integration.test_knowledge_document_lifecycle_api" name="test_upload_requires_an_idempotency_key" time="0.225" /><testcase classname="tests.integration.test_knowledge_document_lifecycle_api" name="test_upload_replay_returns_one_business_result_without_duplicate_documents" time="0.667" /><testcase classname="tests.integration.test_knowledge_lifecycle" name="test_changeset_release_activation_and_compensating_rollback" time="0.712" /><testcase classname="tests.integration.test_knowledge_retrieval" name="test_ingest_embed_search_and_management_views" time="0.455" /><testcase classname="tests.integration.test_knowledge_retrieval" name="test_knowledge_management_and_keyword_search_api" time="0.868" /><testcase classname="tests.integration.test_knowledge_source" name="test_source_registration_is_read_only_non_recursive_and_idempotent" time="0.231" /><testcase classname="tests.integration.test_multigraph_api" name="test_graph_route_api_is_policy_gated_and_reports_limited_bridge_route" time="0.806" /><testcase classname="tests.integration.test_multigraph_routing" name="test_registered_bridge_is_the_only_cross_graph_route_and_budget_is_visible" time="0.425" /><testcase classname="tests.integration.test_multigraph_routing" name="test_node_versions_are_immutable_and_rollback_preserves_history" time="0.463" /><testcase classname="tests.integration.test_observability_trace" name="test_trace_filter_injects_trace_id_and_code_sha" time="0.043" /><testcase classname="tests.integration.test_observability_trace" name="test_api_response_carries_trace_id" time="0.113" /><testcase classname="tests.integration.test_observability_trace" name="test_api_request_logs_carry_trace_id" time="0.054" /><testcase classname="tests.integration.test_observability_trace" name="test_global_exception_handler_returns_structured_500" time="0.051" /><testcase classname="tests.integration.test_observability_trace" name="test_rotating_file_logging_installed" time="0.043" /><testcase classname="tests.integration.test_observability_trace" name="test_code_sha256_deterministic" time="0.065" /><testcase classname="tests.integration.test_observability_trace" name="test_code_map_covers_every_api_route" time="0.066" /><testcase classname="tests.integration.test_observability_trace" name="test_code_map_endpoint_entries_have_location_and_tables" time="0.067" /><testcase classname="tests.integration.test_observability_trace" name="test_readiness_uses_observability_trace" time="0.102" /><testcase classname="tests.integration.test_operations_detail" name="test_operations_detail_returns_hierarchical_run_projection" time="0.561" /><testcase classname="tests.integration.test_operations_detail" name="test_operations_detail_respects_policy_gate" time="0.194" /><testcase classname="tests.integration.test_operations_summary" name="test_operations_summary_reports_every_workbench_from_real_database" time="0.316" /><testcase classname="tests.integration.test_ops_supervisor" name="test_renew_lease_extends_expiry_and_validates_owner" time="0.593" /><testcase classname="tests.integration.test_ops_supervisor" name="test_recover_stale_leases_returns_task_to_ready_when_worker_silent" time="0.610" /><testcase classname="tests.integration.test_ops_supervisor" name="test_recover_stale_leases_does_not_steal_from_live_worker" time="0.715" /><testcase classname="tests.integration.test_ops_supervisor" name="test_recover_stale_leases_fails_exhausted_task_and_cascades" time="0.575" /><testcase classname="tests.integration.test_ops_supervisor" name="test_worker_heartbeat_upsert_and_liveness" time="0.251" /><testcase classname="tests.integration.test_ops_supervisor" name="test_checks_return_structured_findings" time="0.247" /><testcase classname="tests.integration.test_phase24_hardening" name="test_ingest_ledger_is_idempotent_and_versions_changed_content" time="0.265" /><testcase classname="tests.integration.test_phase24_hardening" name="test_graph_database_rejects_cross_space_edges_and_marks_hop_truncation" time="0.431" /><testcase classname="tests.integration.test_phase24_hardening" name="test_node_recycle_snapshot_is_server_backed" time="0.301" /><testcase classname="tests.integration.test_plan_attempt_finalization" name="test_downstream_attempt_is_finalized_when_the_producer_fails" time="0.384" /><testcase classname="tests.integration.test_plan_attempt_finalization" name="test_run_projection_does_not_report_a_stuck_run" time="0.525" /><testcase classname="tests.integration.test_plan_attempt_finalization" name="test_unsafe_plan_key_fails_the_node_without_leaving_it_running" time="0.395" /><testcase classname="tests.integration.test_plugin_db_artifacts" name="test_alert_correlation_driven_by_database_alerts" time="0.251" /><testcase classname="tests.integration.test_plugin_db_artifacts" name="test_rca_ranker_driven_by_database_incidents_and_topology" time="0.290" /><testcase classname="tests.integration.test_plugin_db_artifacts" name="test_knowledge_entity_relation_driven_by_database_chunks" time="0.241" /><testcase classname="tests.integration.test_plugin_db_artifacts" name="test_document_ingestion_driven_by_database_markdown" time="0.252" /><testcase classname="tests.integration.test_plugin_nebula_api" name="test_nebula_is_policy_gated_then_returns_live_graph" time="0.410" /><testcase classname="tests.integration.test_plugin_nebula_api" name="test_nebula_verified_filter" time="0.360" /><testcase classname="tests.integration.test_plugin_nebula_api" name="test_nebula_rejects_missing_and_unknown_tenant" time="0.164" /><testcase classname="tests.integration.test_plugin_registry" name="test_manifest_validation_and_registration" time="0.089" /><testcase classname="tests.integration.test_plugin_runtime_api" name="test_verified_plugin_runtime_api_reads_a_local_artifact_after_policy_gate" time="13.109" /><testcase classname="tests.integration.test_plugin_runtime_api" name="test_ledger_quality_plugin_api_validates_snapshot_after_policy_gate" time="6.913" /><testcase classname="tests.integration.test_plugin_runtime_api" name="test_verified_plugin_runtime_api_denial_returns_before_isolated_execution" time="6.587" /><testcase classname="tests.integration.test_plugin_runtime_api" name="test_journal_anomaly_plugin_api_after_policy_gate" time="6.340" /><testcase classname="tests.integration.test_plugin_runtime_api" name="test_rca_ranker_plugin_api_after_policy_gate" time="6.305" /><testcase classname="tests.integration.test_plugin_runtime_api" name="test_graph_proposal_plugin_api_returns_shadow_draft_after_policy_gate" time="6.512" /><testcase classname="tests.integration.test_plugin_runtime_api" name="test_investigation_plan_plugin_api_returns_plan_draft_after_policy_gate" time="6.667" /><testcase classname="tests.integration.test_plugin_runtime_api" name="test_finding_draft_plugin_api_returns_finding_draft_after_policy_gate" time="8.372" /><testcase classname="tests.integration.test_plugin_runtime_api" name="test_playbook_proposer_plugin_api_returns_remediation_proposal_after_policy_gate" time="7.861" /><testcase classname="tests.integration.test_plugin_runtime_api" name="test_recovery_verifier_plugin_api_returns_immutable_ledger_after_policy_gate" time="12.475" /><testcase classname="tests.integration.test_plugin_runtime_api" name="test_alert_triage_plugin_api_after_policy_gate" time="6.930" /><testcase classname="tests.integration.test_plugin_runtime_api" name="test_evidence_lineage_plugin_api_queries_a_released_graph_after_policy_gate" time="6.894" /><testcase classname="tests.integration.test_plugin_runtime_api" name="test_simulated_backtest_plugin_api_after_policy_gate" time="6.408" /><testcase classname="tests.integration.test_plugin_runtime_api" name="test_workpaper_export_plugin_api_returns_draft_after_policy_gate" time="6.148" /><testcase classname="tests.integration.test_plugin_runtime_api" name="test_report_draft_plugin_api_returns_unsigned_draft_after_policy_gate" time="6.253" /><testcase classname="tests.integration.test_plugin_runtime_api" name="test_ticket_draft_plugin_api_returns_unsent_draft_after_policy_gate" time="6.058" /><testcase classname="tests.integration.test_plugin_runtime_api" name="test_retention_recommendation_plugin_api_returns_proposed_retention_after_policy_gate" time="6.268" /><testcase classname="tests.integration.test_plugin_runtime_api" name="test_postmortem_draft_plugin_api_returns_unpublished_draft_after_policy_gate" time="7.288" /><testcase classname="tests.integration.test_plugin_runtime_api" name="test_research_note_draft_plugin_api_returns_unpublished_note_after_policy_gate" time="7.222" /><testcase classname="tests.integration.test_plugin_runtime_gdrive_e2e" name="test_journal_anomaly_real_expense_ledger" time="2.318" /><testcase classname="tests.integration.test_plugin_runtime_gdrive_e2e" name="test_knowledge_entity_relation_real_audit_doc" time="0.191" /><testcase classname="tests.integration.test_plugin_runtime_gdrive_e2e" name="test_quant_snapshot_guard_real_sensor_series" time="0.450" /><testcase classname="tests.integration.test_plugin_runtime_gdrive_e2e" name="test_quant_factor_compute_real_sensor_series" time="0.195" /><testcase classname="tests.integration.test_plugin_runtime_gdrive_e2e" name="test_aiops_alert_correlation_real_fault_tickets" time="0.198" /><testcase classname="tests.integration.test_plugin_runtime_gdrive_e2e" name="test_aiops_rca_ranker_real_fault_tickets_and_causal_graph" time="0.117" /><testcase classname="tests.integration.test_plugin_runtime_multi" name="test_journal_anomaly_runs_in_isolated_child_process" time="0.109" /><testcase classname="tests.integration.test_plugin_runtime_multi" name="test_knowledge_entity_relation_runs_in_isolated_child_process" time="0.208" /><testcase classname="tests.integration.test_plugin_runtime_multi" name="test_quant_snapshot_guard_runs_in_isolated_child_process" time="0.113" /><testcase classname="tests.integration.test_plugin_runtime_multi" name="test_quant_factor_compute_runs_in_isolated_child_process" time="0.108" /><testcase classname="tests.integration.test_plugin_runtime_multi" name="test_alert_correlation_runs_in_isolated_child_process" time="0.105" /><testcase classname="tests.integration.test_plugin_runtime_multi" name="test_rca_ranker_runs_in_isolated_child_process" time="0.107" /><testcase classname="tests.integration.test_plugin_runtime_multi" name="test_policy_denies_each_new_capability_without_starting_a_child" time="0.065" /><testcase classname="tests.integration.test_plugin_topology_api" name="test_topology_read_api_is_policy_gated_and_returns_tenant_rows" time="1.558" /><testcase classname="tests.integration.test_plugin_topology_api" name="test_topology_chains_api_is_policy_gated_and_returns_seeded_rows" time="0.981" /><testcase classname="tests.integration.test_plugin_topology_api" name="test_topology_chain_m4_endpoints_fail_closed_without_policy" time="0.425" /><testcase classname="tests.integration.test_plugin_topology_api" name="test_topology_chain_execute_api_returns_seeded_already_run" time="0.910" /><testcase classname="tests.integration.test_plugin_topology_api" name="test_topology_chain_approval_api_rejects_finalized_seed_intent" time="0.619" /><testcase classname="tests.integration.test_plugin_topology_api" name="test_topology_chain_execute_api_contract_rejects_isolated_mode_and_missing_key" time="0.600" /><testcase classname="tests.integration.test_plugin_topology_api" name="test_topology_chain_m4_reads_are_rls_isolated_per_tenant" time="0.535" /><testcase classname="tests.integration.test_plugin_topology_chain_integration" name="test_seeded_plan_rematerializes_to_canonical_chain" time="0.112" /><testcase classname="tests.integration.test_plugin_topology_chain_integration" name="test_seeded_plan_chain_checksum_is_stable_across_calls" time="0.265" /><testcase classname="tests.integration.test_plugin_topology_chain_integration" name="test_chain_materialize_is_key_idempotent_and_plan_deterministic" time="0.688" /><testcase classname="tests.integration.test_plugin_topology_chain_integration" name="test_list_chains_and_intents_returns_seeded_rows" time="0.151" /><testcase classname="tests.integration.test_plugin_topology_chain_integration" name="test_list_intents_unknown_chain_returns_empty" time="0.102" /><testcase classname="tests.integration.test_plugin_topology_chain_integration" name="test_idempotent_replay_ignores_gateway_decision_rows" time="0.156" /><testcase classname="tests.integration.test_plugin_topology_chain_integration" name="test_chain_write_is_policy_gated" time="0.050" /><testcase classname="tests.integration.test_plugin_topology_chain_integration" name="test_chain_rls_hides_from_other_tenant" time="0.094" /><testcase classname="tests.integration.test_plugin_topology_evidence_integration" name="test_evidence_anchor_is_append_only_and_replay_idempotent" time="351.779" /><testcase classname="tests.integration.test_plugin_topology_evidence_integration" name="test_evidence_verify_detects_source_tamper_and_recovers" time="914.706" /><testcase classname="tests.integration.test_plugin_topology_evidence_integration" name="test_evidence_scope_filtering_matches_anchor_scope" time="3.977" /><testcase classname="tests.integration.test_plugin_topology_evidence_integration" name="test_evidence_anchor_rejects_invalid_scope_zero_writes" time="0.328" /><testcase classname="tests.integration.test_plugin_topology_evidence_integration" name="test_evidence_api_fail_closed_without_capability_grant" time="1.366" /><testcase classname="tests.integration.test_plugin_topology_evidence_integration" name="test_evidence_api_anchor_verify_export_end_to_end" time="1096.002" /><testcase classname="tests.integration.test_plugin_topology_evidence_integration" name="test_evidence_chain_isolated_per_tenant" time="1.307" /><testcase classname="tests.integration.test_plugin_topology_evidence_integration" name="test_evidence_anchor_tables_insert_select_only_for_app_role" time="0.098" /><testcase classname="tests.integration.test_plugin_topology_evidence_integration" name="test_evidence_module_has_no_execution_surface" time="0.046" /><testcase classname="tests.integration.test_plugin_topology_evidence_integration" name="test_evidence_scope_lock" time="0.046" /><testcase classname="tests.integration.test_plugin_topology_evidence_integration" name="test_evidence_export_never_contains_payload_body" time="361.059" /><testcase classname="tests.integration.test_plugin_topology_execution_integration" name="test_seeded_execution_checksums_reproduce_service_formula" time="0.090" /><testcase classname="tests.integration.test_plugin_topology_execution_integration" name="test_seeded_chain_execution_is_already_run_never_duplicates" time="0.185" /><testcase classname="tests.integration.test_plugin_topology_execution_integration" name="test_seeded_approval_and_ledger_readback" time="0.151" /><testcase classname="tests.integration.test_plugin_topology_execution_integration" name="test_chain_execution_is_blocked_until_every_requires_approval_intent_is_approved" time="0.754" /><testcase classname="tests.integration.test_plugin_topology_execution_integration" name="test_rejected_intent_freezes_denied_and_blocks_chain" time="0.585" /><testcase classname="tests.integration.test_plugin_topology_execution_integration" name="test_approval_is_idempotent_and_terminal_states_are_frozen" time="0.586" /><testcase classname="tests.integration.test_plugin_topology_execution_integration" name="test_approval_and_execution_are_policy_gated" time="0.041" /><testcase classname="tests.integration.test_plugin_topology_execution_integration" name="test_approval_and_ledger_rls_hide_from_other_tenant" time="0.619" /><testcase classname="tests.integration.test_plugin_topology_graph_planning_integration" name="test_m10_seed_bindings_exist" time="0.164" /><testcase classname="tests.integration.test_plugin_topology_graph_planning_integration" name="test_chinese_intent_matches_two_capabilities_and_expands" time="0.268" /><testcase classname="tests.integration.test_plugin_topology_graph_planning_integration" name="test_plan_from_intent_writes_plan_only_with_formula_checksum" time="0.310" /><testcase classname="tests.integration.test_plugin_topology_graph_planning_integration" name="test_plan_reused_on_plan_key_collision" time="0.371" /><testcase classname="tests.integration.test_plugin_topology_graph_planning_integration" name="test_planning_intent_idempotent_replay" time="0.565" /><testcase classname="tests.integration.test_plugin_topology_graph_planning_integration" name="test_plan_from_intent_fail_closed_no_match" time="0.260" /><testcase classname="tests.integration.test_plugin_topology_graph_planning_integration" name="test_plan_materializes_into_existing_chain_and_isolated_run_succeeds" time="0.637" /><testcase classname="tests.integration.test_plugin_topology_graph_planning_integration" name="test_expanded_chain_run_fails_closed_at_node_without_governed_input" time="0.612" /><testcase classname="tests.integration.test_plugin_topology_graph_planning_integration" name="test_planning_intents_rls_isolates_tenants" time="0.450" /><testcase classname="tests.integration.test_plugin_topology_graph_planning_integration" name="test_planning_intents_append_only_no_update_delete" time="0.352" /><testcase classname="tests.integration.test_plugin_topology_graph_planning_integration" name="test_api_planning_fail_closed_without_capability" time="0.385" /><testcase classname="tests.integration.test_plugin_topology_graph_planning_integration" name="test_api_planning_bad_input_422" time="0.314" /><testcase classname="tests.integration.test_plugin_topology_graph_planning_integration" name="test_api_planning_unknown_tenant_404" time="0.234" /><testcase classname="tests.integration.test_plugin_topology_graph_planning_integration" name="test_api_planning_no_match_400" time="0.530" /><testcase classname="tests.integration.test_plugin_topology_graph_planning_integration" name="test_api_planning_flow_and_idempotent_replay" time="1.400" /><testcase classname="tests.integration.test_plugin_topology_integration" name="test_register_release_plan_end_to_end" time="0.675" /><testcase classname="tests.integration.test_plugin_topology_integration" name="test_plan_only_rejects_execute_and_unknown_requirements" time="0.088" /><testcase classname="tests.integration.test_plugin_topology_integration" name="test_blueprint_execution_fields_rejected_and_seed_keys_reserved" time="0.042" /><testcase classname="tests.integration.test_plugin_topology_integration" name="test_policy_gate_denies_without_allow" time="0.043" /><testcase classname="tests.integration.test_plugin_topology_integration" name="test_recycle_and_restore_preserve_evidence" time="0.302" /><testcase classname="tests.integration.test_plugin_topology_integration" name="test_rls_hides_other_tenant_topology" time="0.126" /><testcase classname="tests.integration.test_plugin_topology_integration" name="test_publish_rejects_bad_checksum_and_missing_blueprint" time="0.083" /><testcase classname="tests.integration.test_plugin_topology_integration" name="test_bridge_upsert_is_idempotent_and_rejects_private_payloads" time="0.173" /><testcase classname="tests.integration.test_plugin_topology_integration" name="test_bridge_edge_requires_registration_and_plan_keeps_bridge_edge" time="0.479" /><testcase classname="tests.integration.test_plugin_topology_integration" name="test_seeded_bridge_catalog_plans_with_bridge_edge" time="0.215" /><testcase classname="tests.integration.test_plugin_topology_integration" name="test_bridge_write_is_policy_gated" time="0.047" /><testcase classname="tests.integration.test_plugin_topology_isolated_integration" name="test_api_isolated_execution_is_fail_closed_without_policy" time="0.268" /><testcase classname="tests.integration.test_plugin_topology_isolated_integration" name="test_isolated_execution_requires_a_reason" time="0.040" /><testcase classname="tests.integration.test_plugin_topology_isolated_integration" name="test_isolated_execution_requires_the_isolated_policy_twin" time="0.042" /><testcase classname="tests.integration.test_plugin_topology_isolated_integration" name="test_isolated_execution_rejects_simulated_mode" time="0.040" /><testcase classname="tests.integration.test_plugin_topology_isolated_integration" name="test_seeded_chain_isolated_drill_runs_real_children_and_writes_ledger" time="0.088"><skipped type="pytest.skip" message="isolated drill already recorded; rerun after test-db rebuild">D:\pythonpro\audit_network\tests\integration\test_plugin_topology_isolated_integration.py:166: isolated drill already recorded; rerun after test-db rebuild</skipped></testcase><testcase classname="tests.integration.test_plugin_topology_isolated_integration" name="test_isolated_ledger_rls_hides_from_other_tenant" time="0.085" /><testcase classname="tests.integration.test_plugin_topology_remediation_integration" name="test_remediation_closed_loop_approve_rerun_converges" time="0.942" /><testcase classname="tests.integration.test_plugin_topology_remediation_integration" name="test_remediation_rejected_escalate_human_never_runs" time="0.480" /><testcase classname="tests.integration.test_plugin_topology_remediation_integration" name="test_remediation_verified_verification_fails_closed" time="0.293" /><testcase classname="tests.integration.test_plugin_topology_remediation_integration" name="test_remediation_requires_remediate_capability" time="0.255" /><testcase classname="tests.integration.test_plugin_topology_remediation_integration" name="test_api_remediation_is_fail_closed_without_active_policy" time="0.291" /><testcase classname="tests.integration.test_plugin_topology_remediation_integration" name="test_remediation_terminal_decision_cannot_flip" time="0.354" /><testcase classname="tests.integration.test_plugin_topology_remediation_integration" name="test_remediation_idempotent_proposal_replay" time="0.304" /><testcase classname="tests.integration.test_plugin_topology_remediation_integration" name="test_remediation_rls_hides_from_other_tenant" time="0.426" /><testcase classname="tests.integration.test_plugin_topology_remediation_integration" name="test_remediation_tables_insert_select_only_for_app_role" time="0.082" /><testcase classname="tests.integration.test_plugin_topology_runs_integration" name="test_run_requires_isolated_mode" time="0.044" /><testcase classname="tests.integration.test_plugin_topology_runs_integration" name="test_run_requires_a_reason" time="0.041" /><testcase classname="tests.integration.test_plugin_topology_runs_integration" name="test_run_requires_the_isolated_policy_twin" time="0.041" /><testcase classname="tests.integration.test_plugin_topology_runs_integration" name="test_run_chain_not_found_is_rejected" time="0.084" /><testcase classname="tests.integration.test_plugin_topology_runs_integration" name="test_api_run_is_fail_closed_without_policy" time="0.243" /><testcase classname="tests.integration.test_plugin_topology_runs_integration" name="test_run_drill_runs_children_and_groups_ledger_by_run_id" time="0.460" /><testcase classname="tests.integration.test_plugin_topology_runs_integration" name="test_run_replay_same_key_is_idempotent" time="0.126" /><testcase classname="tests.integration.test_plugin_topology_runs_integration" name="test_run_conflict_409_blocks_second_running_run" time="0.210" /><testcase classname="tests.integration.test_plugin_topology_runs_integration" name="test_api_run_conflict_returns_409" time="0.403" /><testcase classname="tests.integration.test_plugin_topology_runs_integration" name="test_run_rls_hides_runs_and_ledger_from_other_tenant" time="0.212" /><testcase classname="tests.integration.test_plugin_topology_verification_integration" name="test_verification_verified_when_checksums_match" time="0.232" /><testcase classname="tests.integration.test_plugin_topology_verification_integration" name="test_verification_default_reference_is_latest_success_run" time="0.700" /><testcase classname="tests.integration.test_plugin_topology_verification_integration" name="test_verification_drift_produces_rollback_verdict" time="0.185" /><testcase classname="tests.integration.test_plugin_topology_verification_integration" name="test_verification_non_success_run_is_rejected_with_zero_writes" time="0.248" /><testcase classname="tests.integration.test_plugin_topology_verification_integration" name="test_verification_requires_verify_capability" time="0.170" /><testcase classname="tests.integration.test_plugin_topology_verification_integration" name="test_api_verification_is_403_without_active_policy" time="0.292" /><testcase classname="tests.integration.test_plugin_topology_verification_integration" name="test_verification_idempotent_replay_returns_existing" time="0.265" /><testcase classname="tests.integration.test_plugin_topology_verification_integration" name="test_verification_rls_hides_from_other_tenant" time="0.342" /><testcase classname="tests.integration.test_plugin_topology_verification_integration" name="test_run_verifications_insert_select_only_for_app_role" time="0.081" /><testcase classname="tests.integration.test_policy_api" name="test_policy_api_persists_and_replays_idempotent_decision" time="0.319" /><testcase classname="tests.integration.test_policy_api" name="test_policy_gateway_persists_an_allowed_graph_write" time="0.409" /><testcase classname="tests.integration.test_policy_api" name="test_policy_api_creates_and_approves_durable_approval" time="0.614" /><testcase classname="tests.integration.test_policy_api" name="test_gateway_replay_unaffected_by_business_201_projection" time="0.407" /><testcase classname="tests.integration.test_quant_backtest" name="test_simulated_backtest_is_persisted" time="0.089" /><testcase classname="tests.integration.test_quant_backtest" name="test_backtest_rejects_non_point_in_time_dates" time="0.041" /><testcase classname="tests.integration.test_quant_evidence_chain" name="test_lineage_read_returns_full_chain" time="0.171" /><testcase classname="tests.integration.test_quant_evidence_chain" name="test_unknown_backtest_and_bad_limit_are_rejected" time="0.129" /><testcase classname="tests.integration.test_quant_evidence_chain" name="test_api_endpoints_are_policy_gated" time="0.689" /><testcase classname="tests.integration.test_quant_evidence_chain" name="test_publish_policy_registers_phase8_capability" time="0.160" /><testcase classname="tests.integration.test_rich_media_api" name="test_rich_media_extract_reaches_service_after_policy_allow" time="0.382" /><testcase classname="tests.integration.test_rich_media_api" name="test_rich_media_extract_enqueues_without_running_the_worker" time="0.637" /><testcase classname="tests.integration.test_rich_media_mineru" name="test_mineru_extracts_a_real_pdf" time="0.041"><skipped type="pytest.skip" message="set AUDIT_NETWORK_RUN_MINERU_TESTS=1 to run real MinerU integration">D:\pythonpro\audit_network\tests\integration\test_rich_media_mineru.py:45: set AUDIT_NETWORK_RUN_MINERU_TESTS=1 to run real MinerU integration</skipped></testcase><testcase classname="tests.integration.test_rich_media_queue" name="test_rich_media_queue_claims_one_job_and_completes_page_cited_document" time="0.489" /><testcase classname="tests.integration.test_rich_media_queue" name="test_rich_media_queue_records_failure_then_requires_explicit_retry" time="0.387" /><testcase classname="tests.integration.test_rich_media_queue_mineru" name="test_real_mineru_worker_queue_writes_retrievable_page_cited_document" time="0.041"><skipped type="pytest.skip" message="set AUDIT_NETWORK_RUN_MINERU_TESTS=1 to run real MinerU queue integration">D:\pythonpro\audit_network\tests\integration\test_rich_media_queue_mineru.py:43: set AUDIT_NETWORK_RUN_MINERU_TESTS=1 to run real MinerU queue integration</skipped></testcase><testcase classname="tests.integration.test_rich_media_service" name="test_extract_deferred_rich_media_writes_page_cited_chunks" time="0.293" /><testcase classname="tests.integration.test_rich_media_service" name="test_list_pending_rich_media_reports_waiting_files" time="0.244" /><testcase classname="tests.integration.test_worker" name="test_outbox_worker_delivers_to_inbox_then_marks_event" time="2.744"><skipped type="pytest.skip" message="external worker consumed the shared test queue">D:\pythonpro\audit_network\tests\integration\test_worker.py:31: external worker consumed the shared test queue</skipped></testcase><testcase classname="tests.integration.test_worker" name="test_outbox_worker_does_not_acknowledge_failed_dispatch" time="0.395"><skipped type="pytest.skip" message="external worker consumed the shared test event before the failure callback">D:\pythonpro\audit_network\tests\integration\test_worker.py:58: external worker consumed the shared test event before the failure callback</skipped><
[...]
st_failed_node_stops_later_nodes_and_never_downgrades" time="0.003" /><testcase classname="tests.unit.test_plugin_topology_isolated_unit" name="test_successful_entries_carry_real_run_metadata" time="0.005" /><testcase classname="tests.unit.test_plugin_topology_isolated_unit" name="test_bridge_materializer_derives_evaluation_with_locked_sha256" time="0.002" /><testcase classname="tests.unit.test_plugin_topology_isolated_unit" name="test_bridge_materializer_rejects_producer_without_ledger_reference" time="0.002" /><testcase classname="tests.unit.test_plugin_topology_remediation_contract" name="test_proposal_request_accepts_valid_payload" time="0.001" /><testcase classname="tests.unit.test_plugin_topology_remediation_contract" name="test_proposal_request_accepts_all_action_enum" time="0.000" /><testcase classname="tests.unit.test_plugin_topology_remediation_contract" name="test_proposal_request_rejects_non_uuid_verification_id" time="0.000" /><testcase classname="tests.unit.test_plugin_topology_remediation_contract" name="test_proposal_request_rejects_unknown_action" time="0.001" /><testcase classname="tests.unit.test_plugin_topology_remediation_contract" name="test_proposal_request_parse_round_trips" time="0.000" /><testcase classname="tests.unit.test_plugin_topology_remediation_contract" name="test_proposal_request_rejects_empty_reason" time="0.000" /><testcase classname="tests.unit.test_plugin_topology_remediation_contract" name="test_proposal_request_rejects_extra_fields" time="0.000" /><testcase classname="tests.unit.test_plugin_topology_remediation_contract" name="test_proposal_projection_accepts_pending_approval" time="0.001" /><testcase classname="tests.unit.test_plugin_topology_remediation_contract" name="test_proposal_projection_accepts_approved_with_run" time="0.001" /><testcase classname="tests.unit.test_plugin_topology_remediation_contract" name="test_proposal_projection_rejects_unknown_status" time="0.000" /><testcase classname="tests.unit.test_plugin_topology_remediation_contract" name="test_proposal_projection_rejects_run_on_pending_approval" time="0.000" /><testcase classname="tests.unit.test_plugin_topology_remediation_contract" name="test_proposal_projection_rejects_run_on_rejected" time="0.001" /><testcase classname="tests.unit.test_plugin_topology_remediation_contract" name="test_proposal_projection_rejects_empty_affected_slots" time="0.000" /><testcase classname="tests.unit.test_plugin_topology_remediation_contract" name="test_proposal_projection_rejects_non_slot_affected_list" time="0.000" /><testcase classname="tests.unit.test_plugin_topology_remediation_contract" name="test_proposal_projection_rejects_bad_baseline_checksum" time="0.000" /><testcase classname="tests.unit.test_plugin_topology_remediation_contract" name="test_proposal_projection_validate_passes" time="0.000" /><testcase classname="tests.unit.test_plugin_topology_remediation_contract" name="test_proposal_projection_validate_rejects_invalid" time="0.000" /><testcase classname="tests.unit.test_plugin_topology_remediation_contract" name="test_proposal_projection_rejects_payload_body" time="0.000" /><testcase classname="tests.unit.test_plugin_topology_remediation_unit" name="test_create_proposal_rejects_invalid_action_without_cursor" time="0.000" /><testcase classname="tests.unit.test_plugin_topology_remediation_unit" name="test_create_proposal_rejects_non_drifted_anchor_without_insert" time="0.001" /><testcase classname="tests.unit.test_plugin_topology_remediation_unit" name="test_decide_proposal_rejects_invalid_decision_without_cursor" time="0.000" /><testcase classname="tests.unit.test_plugin_topology_remediation_unit" name="test_projection_pending_without_any_decision" time="0.000" /><testcase classname="tests.unit.test_plugin_topology_remediation_unit" name="test_projection_approved_from_approve_decision" time="0.000" /><testcase classname="tests.unit.test_plugin_topology_remediation_unit" name="test_projection_approved_carries_remediation_run_id_after_rerun" time="0.000" /><testcase classname="tests.unit.test_plugin_topology_remediation_unit" name="test_projection_rejected_from_reject_decision" time="0.000" /><testcase classname="tests.unit.test_plugin_topology_remediation_unit" name="test_projection_closed_from_close_decision" time="0.000" /><testcase classname="tests.unit.test_plugin_topology_runs_contract" name="test_run_request_schema_accepts_isolated_with_reason" time="0.001" /><testcase classname="tests.unit.test_plugin_topology_runs_contract" name="test_run_request_parse_round_trips" time="0.000" /><testcase classname="tests.unit.test_plugin_topology_runs_contract" name="test_run_request_rejects_simulated_mode" time="0.000" /><testcase classname="tests.unit.test_plugin_topology_runs_contract" name="test_run_request_rejects_missing_reason" time="0.000" /><testcase classname="tests.unit.test_plugin_topology_runs_contract" name="test_run_request_rejects_empty_reason" time="0.000" /><testcase classname="tests.unit.test_plugin_topology_runs_contract" name="test_run_request_rejects_missing_idempotency_key" time="0.000" /><testcase classname="tests.unit.test_plugin_topology_runs_contract" name="test_run_request_rejects_extra_fields" time="0.000" /><testcase classname="tests.unit.test_plugin_topology_runs_contract" name="test_run_projection_schema_accepts_terminal_run" time="0.001" /><testcase classname="tests.unit.test_plugin_topology_runs_contract" name="test_run_projection_accepts_running_with_null_finished_at" time="0.000" /><testcase classname="tests.unit.test_plugin_topology_runs_contract" name="test_run_projection_rejects_unknown_status" time="0.000" /><testcase classname="tests.unit.test_plugin_topology_runs_contract" name="test_run_projection_rejects_simulated_mode" time="0.000" /><testcase classname="tests.unit.test_plugin_topology_runs_contract" name="test_run_projection_rejects_negative_node_counts" time="0.000" /><testcase classname="tests.unit.test_plugin_topology_runs_contract" name="test_run_projection_rejects_bad_run_id" time="0.000" /><testcase classname="tests.unit.test_plugin_topology_runs_contract" name="test_run_projection_rejects_payload_body" time="0.000" /><testcase classname="tests.unit.test_plugin_topology_runs_contract" name="test_ledger_schema_accepts_run_id" time="0.000" /><testcase classname="tests.unit.test_plugin_topology_runs_contract" name="test_ledger_schema_accepts_null_run_id" time="0.000" /><testcase classname="tests.unit.test_plugin_topology_runs_contract" name="test_ledger_schema_rejects_non_uuid_run_id" time="0.000" /><testcase classname="tests.unit.test_plugin_topology_runs_unit" name="test_preflight_accepts_release_locked_gated_chain" time="0.000" /><testcase classname="tests.unit.test_plugin_topology_runs_unit" name="test_preflight_rejects_unlocked_chain" time="0.000" /><testcase classname="tests.unit.test_plugin_topology_runs_unit" name="test_preflight_rejects_denied_intent" time="0.000" /><testcase classname="tests.unit.test_plugin_topology_runs_unit" name="test_preflight_rejects_pending_approval" time="0.000" /><testcase classname="tests.unit.test_plugin_topology_runs_unit" name="test_preflight_rejects_chain_without_nodes" time="0.000" /><testcase classname="tests.unit.test_plugin_topology_runs_unit" name="test_preflight_error_is_a_permission_error" time="0.000" /><testcase classname="tests.unit.test_plugin_topology_runs_unit" name="test_begin_run_creates_running_row" time="0.000" /><testcase classname="tests.unit.test_plugin_topology_runs_unit" name="test_begin_run_rejects_second_running_run" time="0.000" /><testcase classname="tests.unit.test_plugin_topology_runs_unit" name="test_finalize_run_cas_advances_running_to_success" time="0.000" /><testcase classname="tests.unit.test_plugin_topology_runs_unit" name="test_finalize_run_rejects_invalid_terminal_status" time="0.000" /><testcase classname="tests.unit.test_plugin_topology_runs_unit" name="test_finalize_run_cas_failure_raises_conflict" time="0.000" /><testcase classname="tests.unit.test_plugin_topology_runs_unit" name="test_node_total_matches_nodes" time="0.000" /><testcase classname="tests.unit.test_plugin_topology_unit" name="test_contract_models_reject_blueprint_execution_fields" time="0.000" /><testcase classname="tests.unit.test_plugin_topology_unit" name="test_contract_models_require_idempotency_key" time="0.001" /><testcase classname="tests.unit.test_plugin_topology_unit" name="test_plan_model_rejects_execute_mode" time="0.000" /><testcase classname="tests.unit.test_plugin_topology_unit" name="test_release_publish_requires_checksum_but_rollback_only_version" time="0.001" /><testcase classname="tests.unit.test_plugin_topology_unit" name="test_recycle_restore_requires_restored_from_recycle_id" time="0.000" /><testcase classname="tests.unit.test_plugin_topology_unit" name="test_bridge_upsert_requires_public_ref_kind_and_prefix_consistency" time="0.000" /><testcase classname="tests.unit.test_plugin_topology_unit" name="test_resolver_matches_declared_capability_and_version" time="0.000" /><testcase classname="tests.unit.test_plugin_topology_unit" name="test_resolver_rejects_name_guessing_and_version_major_break" time="0.000" /><testcase classname="tests.unit.test_plugin_topology_unit" name="test_resolver_wildcard_only_in_consumer_need" time="0.000" /><testcase classname="tests.unit.test_plugin_topology_unit" name="test_planner_converges_multiaxis_and_produces_plan_only_chain" time="0.000" /><testcase classname="tests.unit.test_plugin_topology_unit" name="test_planner_excludes_blueprints_outside_all_narrowed_clusters" time="0.000" /><testcase classname="tests.unit.test_plugin_topology_unit" name="test_planner_rejects_cycles" time="0.000" /><testcase classname="tests.unit.test_plugin_topology_unit" name="test_planner_truncates_to_budget_chain_length" time="0.000" /><testcase classname="tests.unit.test_plugin_topology_unit" name="test_planner_raises_when_no_blueprint_satisfies_requirement" time="0.000" /><testcase classname="tests.unit.test_plugin_topology_unit" name="test_planner_budgets_bound_max_candidates_alternatives" time="0.000" /><testcase classname="tests.unit.test_plugin_topology_unit" name="test_planner_rejects_long_chain_cycle" time="0.000" /><testcase classname="tests.unit.test_plugin_topology_unit" name="test_planner_keeps_bridge_edges_in_chain" time="0.000" /><testcase classname="tests.unit.test_plugin_topology_unit" name="test_release_catalog_checksum_is_immutable_and_versioned" time="0.001" /><testcase classname="tests.unit.test_plugin_topology_verification_contract" name="test_verification_request_accepts_reference_run" time="0.001" /><testcase classname="tests.unit.test_plugin_topology_verification_contract" name="test_verification_request_accepts_null_reference" time="0.000" /><testcase classname="tests.unit.test_plugin_topology_verification_contract" name="test_verification_request_rejects_non_uuid_run_id" time="0.000" /><testcase classname="tests.unit.test_plugin_topology_verification_contract" name="test_verification_request_rejects_non_uuid_reference" time="0.000" /><testcase classname="tests.unit.test_plugin_topology_verification_contract" name="test_verification_request_rejects_self_reference" time="0.000" /><testcase classname="tests.unit.test_plugin_topology_verification_contract" name="test_verification_request_parse_round_trips" time="0.000" /><testcase classname="tests.unit.test_plugin_topology_verification_contract" name="test_verification_request_rejects_empty_reason" time="0.000" /><testcase classname="tests.unit.test_plugin_topology_verification_contract" name="test_verification_request_rejects_extra_fields" time="0.000" /><testcase classname="tests.unit.test_plugin_topology_verification_contract" name="test_verification_projection_accepts_verified" time="0.001" /><testcase classname="tests.unit.test_plugin_topology_verification_contract" name="test_verification_projection_accepts_drifted_with_verdict" time="0.001" /><testcase classname="tests.unit.test_plugin_topology_verification_contract" name="test_verification_projection_rejects_verified_with_verdict" time="0.001" /><testcase classname="tests.unit.test_plugin_topology_verification_contract" name="test_verification_projection_rejects_drifted_without_verdict" time="0.001" /><testcase classname="tests.unit.test_plugin_topology_verification_contract" name="test_verification_projection_rejects_unknown_status" time="0.000" /><testcase classname="tests.unit.test_plugin_topology_verification_contract" name="test_verification_projection_rejects_negative_node_counts" time="0.000" /><testcase classname="tests.unit.test_plugin_topology_verification_contract" name="test_verification_projection_rejects_unconserved_counts" time="0.000" /><testcase classname="tests.unit.test_plugin_topology_verification_contract" name="test_verification_projection_rejects_bad_verdict_action" time="0.001" /><testcase classname="tests.unit.test_plugin_topology_verification_contract" name="test_verification_projection_rejects_non_slot_affected_list" time="0.001" /><testcase classname="tests.unit.test_plugin_topology_verification_contract" name="test_verification_projection_rejects_payload_body" time="0.000" /><testcase classname="tests.unit.test_quant_experiment_evaluator_runtime" name="test_golden_report_builds_a_deterministic_experiment_evaluation" time="0.003" /><testcase classname="tests.unit.test_quant_experiment_evaluator_runtime" name="test_the_evaluation_is_deterministic_for_the_same_input" time="0.003" /><testcase classname="tests.unit.test_quant_experiment_evaluator_runtime" name="test_baseline_feeds_drift_and_promotion" time="0.003" /><testcase classname="tests.unit.test_quant_experiment_evaluator_runtime" name="test_fragile_report_is_never_promoted" time="0.002" /><testcase classname="tests.unit.test_quant_experiment_evaluator_runtime" name="test_hold_without_baseline_even_when_robust" time="0.002" /><testcase classname="tests.unit.test_quant_experiment_evaluator_runtime" name="test_worse_challenger_is_held_and_drift_is_directional" time="0.003" /><testcase classname="tests.unit.test_quant_experiment_evaluator_runtime" name="test_worsened_risk_metrics_flag_drift" time="0.003" /><testcase classname="tests.unit.test_quant_experiment_evaluator_runtime" name="test_sha256_mismatch_is_rejected" time="0.002" /><testcase classname="tests.unit.test_quant_experiment_evaluator_runtime" name="test_missing_metrics_is_rejected" time="0.002" /><testcase classname="tests.unit.test_quant_experiment_evaluator_runtime" name="test_unexpected_capability_is_rejected" time="0.002" /><testcase classname="tests.unit.test_quant_factor_compute_runtime" name="test_golden_snapshot_computes_expected_factors" time="0.003" /><testcase classname="tests.unit.test_quant_factor_compute_runtime" name="test_volume_zscore_requires_volume_column" time="0.002" /><testcase classname="tests.unit.test_quant_factor_compute_runtime" name="test_missing_volume_column_rejects_volume_zscore" time="0.002" /><testcase classname="tests.unit.test_quant_factor_compute_runtime" name="test_sha256_mismatch_is_rejected" time="0.002" /><testcase classname="tests.unit.test_quant_factor_compute_runtime" name="test_unsupported_factor_is_rejected" time="0.002" /><testcase classname="tests.unit.test_quant_research_note_draft_runtime" name="test_confirmed_evaluation_produces_an_unpublished_research_note" time="0.002" /><testcase classname="tests.unit.test_quant_research_note_draft_runtime" name="test_research_note_draft_is_deterministic_over_the_same_evaluation" time="0.003" /><testcase classname="tests.unit.test_quant_research_note_draft_runtime" name="test_recommendation_maps_to_findings_and_recommendations" time="0.002" /><testcase classname="tests.unit.test_quant_research_note_draft_runtime" name="test_fragile_robustness_reflects_in_findings" time="0.002" /><testcase classname="tests.unit.test_quant_research_note_draft_runtime" name="test_unconfirmed_evaluation_is_rejected" time="0.002" /><testcase classname="tests.unit.test_quant_research_note_draft_runtime" name="test_tampered_sha256_is_rejected" time="0.002" /><testcase classname="tests.unit.test_quant_research_note_draft_runtime" name="test_invalid_promotion_recommendation_is_rejected" time="0.002" /><testcase classname="tests.unit.test_quant_simulated_backtest_runtime" name="test_snapshot_produces_a_simulated_only_backtest_report" time="0.002" /><testcase classname="tests.unit.test_quant_simulated_backtest_runtime" name="test_backtest_is_deterministic_over_the_same_snapshot" time="0.003" /><testcase classname="tests.unit.test_quant_simulated_backtest_runtime" name="test_different_strategy_changes_the_deterministic_report" time="0.003" /><testcase classname="tests.unit.test_quant_simulated_backtest_runtime" name="test_max_periods_truncation_marks_the_report_truncated" time="0.002" /><testcase classname="tests.unit.test_quant_simulated_backtest_runtime" name="test_too_few_periods_is_rejected" time="0.002" /><testcase classname="tests.unit.test_quant_simulated_backtest_runtime" name="test_sha256_mismatch_is_rejected" time="0.002" /><testcase classname="tests.unit.test_quant_simulated_backtest_runtime" name="test_non_point_in_time_snapshot_is_rejected" time="0.002" /><testcase classname="tests.unit.test_quant_simulated_backtest_runtime" name="test_unsupported_data_frequency_is_rejected" time="0.002" /><testcase classname="tests.unit.test_quant_simulated_backtest_runtime" name="test_header_missing_required_column_is_rejected" time="0.002" /><testcase classname="tests.unit.test_quant_simulated_backtest_runtime" name="test_path_escape_outside_read_root_is_rejected" time="0.002" /><testcase classname="tests.unit.test_quant_simulated_backtest_runtime" name="test_wrong_plugin_identity_is_rejected" time="0.002" /><testcase classname="tests.unit.test_quant_snapshot_guard_runtime" name="test_golden_snapshot_passes_all_gates" time="0.002" /><testcase classname="tests.unit.test_quant_snapshot_guard_runtime" name="test_stale_snapshot_fails_freshness_gate" time="0.002" /><testcase classname="tests.unit.test_quant_snapshot_guard_runtime" name="test_future_timestamp_fails_point_in_time_gate" time="0.002" /><testcase classname="tests.unit.test_quant_snapshot_guard_runtime" name="test_duplicate_timestamps_are_reported" time="0.002" /><testcase classname="tests.unit.test_quant_snapshot_guard_runtime" name="test_missing_expected_columns_fail_column_gate" time="0.002" /><testcase classname="tests.unit.test_quant_snapshot_guard_runtime" name="test_sha256_mismatch_is_rejected" time="0.002" /><testcase classname="tests.unit.test_rich_media" name="test_parse_mineru_output_builds_a_schema_valid_document" time="0.003" /><testcase classname="tests.unit.test_rich_media" name="test_parse_content_list_skips_blocks_without_page_index" time="0.002" /><testcase classname="tests.unit.test_rich_media" name="test_parse_mineru_output_missing_markdown_raises" time="0.002" /><testcase classname="tests.unit.test_rich_media" name="test_validate_parse_result_rejects_bad_sha256" time="0.000" /><testcase classname="tests.unit.test_rich_media" name="test_resolve_input_accepts_a_valid_pdf" time="0.002" /><testcase classname="tests.unit.test_rich_media" name="test_resolve_input_rejects_sha256_mismatch" time="0.002" /><testcase classname="tests.unit.test_rich_media" name="test_resolve_input_rejects_outside_declared_roots" time="0.002" /><testcase classname="tests.unit.test_rich_media" name="test_mineru_nonzero_exit_is_a_controlled_parse_failure" time="0.003" /><testcase classname="tests.unit.test_rich_media_job_contract" name="test_rich_media_job_contract_accepts_only_safe_queue_envelope" time="0.001" /><testcase classname="tests.unit.test_test_database_isolation" name="test_integration_tests_default_to_a_dedicated_native_database" time="0.001" /><testcase classname="tests.unit.test_test_database_isolation" name="test_test_database_initialization_is_explicit_and_non_destructive" time="0.002" /></testsuite></testsuites>